
> swastik-minimal-portfolio@0.1.0 start
> react-scripts start

(node:8204) [DEP_WEBPACK_DEV_SERVER_ON_AFTER_SETUP_MIDDLEWARE] DeprecationWarning: 'onAfterSetupMiddleware' option is deprecated. Please use the 'setupMiddlewares' option.
(Use `node --trace-deprecation ...` to show where the warning was created)
(node:8204) [DEP_WEBPACK_DEV_SERVER_ON_BEFORE_SETUP_MIDDLEWARE] DeprecationWarning: 'onBeforeSetupMiddleware' option is deprecated. Please use the 'setupMiddlewares' option.
Starting the development server...

Compiled successfully!

You can now view swastik-minimal-portfolio in the browser.

  Local:            http://localhost:3000/portfolio
  On Your Network:  http://10.142.222.123:3000/portfolio

Note that the development build is not optimized.
To create a production build, use npm run build.

webpack compiled successfully
Compiling...
Compiled successfully!
webpack compiled successfully
Compiling...
Compiled successfully!
webpack compiled successfully
Compiling...
Compiled successfully!
webpack compiled successfully
Compiling...
Compiled successfully!
webpack compiled successfully
Compiling...
Compiled successfully!
webpack compiled successfully
Compiling...
Compiled successfully!
webpack compiled successfully
Compiling...
Compiled with warnings.

[eslint] 
src/components/Navbar.js
  Line 54:6:  React Hook useEffect has a missing dependency: 'navItems'. Either include it or remove the dependency array  react-hooks/exhaustive-deps

Search for the keywords to learn more about each warning.
To ignore, add // eslint-disable-next-line to the line before.

WARNING in [eslint] 
src/components/Navbar.js
  Line 54:6:  React Hook useEffect has a missing dependency: 'navItems'. Either include it or remove the dependency array  react-hooks/exhaustive-deps

webpack compiled with 1 warning
Compiling...
Compiled with warnings.

[eslint] 
src/components/Navbar.js
  Line 54:6:  React Hook useEffect has a missing dependency: 'navItems'. Either include it or remove the dependency array  react-hooks/exhaustive-deps

Search for the keywords to learn more about each warning.
To ignore, add // eslint-disable-next-line to the line before.

WARNING in [eslint] 
src/components/Navbar.js
  Line 54:6:  React Hook useEffect has a missing dependency: 'navItems'. Either include it or remove the dependency array  react-hooks/exhaustive-deps

webpack compiled with 1 warning
Compiling...
Compiled with warnings.

[eslint] 
src/components/Navbar.js
  Line 54:6:  React Hook useEffect has a missing dependency: 'navItems'. Either include it or remove the dependency array  react-hooks/exhaustive-deps

Search for the keywords to learn more about each warning.
To ignore, add // eslint-disable-next-line to the line before.

WARNING in [eslint] 
src/components/Navbar.js
  Line 54:6:  React Hook useEffect has a missing dependency: 'navItems'. Either include it or remove the dependency array  react-hooks/exhaustive-deps

webpack compiled with 1 warning
Compiling...
Compiled with warnings.

[eslint] 
src/components/Navbar.js
  Line 54:6:  React Hook useEffect has a missing dependency: 'navItems'. Either include it or remove the dependency array  react-hooks/exhaustive-deps

Search for the keywords to learn more about each warning.
To ignore, add // eslint-disable-next-line to the line before.

WARNING in [eslint] 
src/components/Navbar.js
  Line 54:6:  React Hook useEffect has a missing dependency: 'navItems'. Either include it or remove the dependency array  react-hooks/exhaustive-deps

webpack compiled with 1 warning
Compiling...
Compiled with warnings.

[eslint] 
src/components/Navbar.js
  Line 54:6:  React Hook useEffect has a missing dependency: 'navItems'. Either include it or remove the dependency array  react-hooks/exhaustive-deps

Search for the keywords to learn more about each warning.
To ignore, add // eslint-disable-next-line to the line before.

WARNING in [eslint] 
src/components/Navbar.js
  Line 54:6:  React Hook useEffect has a missing dependency: 'navItems'. Either include it or remove the dependency array  react-hooks/exhaustive-deps

webpack compiled with 1 warning
Compiling...
Compiled with warnings.

[eslint] 
src/components/Navbar.js
  Line 54:6:  React Hook useEffect has a missing dependency: 'navItems'. Either include it or remove the dependency array  react-hooks/exhaustive-deps

Search for the keywords to learn more about each warning.
To ignore, add // eslint-disable-next-line to the line before.

WARNING in [eslint] 
src/components/Navbar.js
  Line 54:6:  React Hook useEffect has a missing dependency: 'navItems'. Either include it or remove the dependency array  react-hooks/exhaustive-deps

webpack compiled with 1 warning
Compiling...
Compiled with warnings.

[eslint] 
src/components/Navbar.js
  Line 54:6:  React Hook useEffect has a missing dependency: 'navItems'. Either include it or remove the dependency array  react-hooks/exhaustive-deps

Search for the keywords to learn more about each warning.
To ignore, add // eslint-disable-next-line to the line before.

WARNING in [eslint] 
src/components/Navbar.js
  Line 54:6:  React Hook useEffect has a missing dependency: 'navItems'. Either include it or remove the dependency array  react-hooks/exhaustive-deps

webpack compiled with 1 warning
Compiling...
Compiled with warnings.

[eslint] 
src/components/Navbar.js
  Line 54:6:  React Hook useEffect has a missing dependency: 'navItems'. Either include it or remove the dependency array  react-hooks/exhaustive-deps

Search for the keywords to learn more about each warning.
To ignore, add // eslint-disable-next-line to the line before.

WARNING in [eslint] 
src/components/Navbar.js
  Line 54:6:  React Hook useEffect has a missing dependency: 'navItems'. Either include it or remove the dependency array  react-hooks/exhaustive-deps

webpack compiled with 1 warning
Compiling...
Compiled with warnings.

[eslint] 
src/components/Navbar.js
  Line 54:6:  React Hook useEffect has a missing dependency: 'navItems'. Either include it or remove the dependency array  react-hooks/exhaustive-deps

Search for the keywords to learn more about each warning.
To ignore, add // eslint-disable-next-line to the line before.

WARNING in [eslint] 
src/components/Navbar.js
  Line 54:6:  React Hook useEffect has a missing dependency: 'navItems'. Either include it or remove the dependency array  react-hooks/exhaustive-deps

webpack compiled with 1 warning
Compiling...
Compiled with warnings.

[eslint] 
src/components/Navbar.js
  Line 54:6:  React Hook useEffect has a missing dependency: 'navItems'. Either include it or remove the dependency array  react-hooks/exhaustive-deps

Search for the keywords to learn more about each warning.
To ignore, add // eslint-disable-next-line to the line before.

WARNING in [eslint] 
src/components/Navbar.js
  Line 54:6:  React Hook useEffect has a missing dependency: 'navItems'. Either include it or remove the dependency array  react-hooks/exhaustive-deps

webpack compiled with 1 warning
Compiling...
Compiled with warnings.

[eslint] 
src/components/Navbar.js
  Line 54:6:  React Hook useEffect has a missing dependency: 'navItems'. Either include it or remove the dependency array  react-hooks/exhaustive-deps

Search for the keywords to learn more about each warning.
To ignore, add // eslint-disable-next-line to the line before.

WARNING in [eslint] 
src/components/Navbar.js
  Line 54:6:  React Hook useEffect has a missing dependency: 'navItems'. Either include it or remove the dependency array  react-hooks/exhaustive-deps

webpack compiled with 1 warning
Compiling...
Compiled with warnings.

[eslint] 
src/components/Navbar.js
  Line 54:6:  React Hook useEffect has a missing dependency: 'navItems'. Either include it or remove the dependency array  react-hooks/exhaustive-deps

Search for the keywords to learn more about each warning.
To ignore, add // eslint-disable-next-line to the line before.

WARNING in [eslint] 
src/components/Navbar.js
  Line 54:6:  React Hook useEffect has a missing dependency: 'navItems'. Either include it or remove the dependency array  react-hooks/exhaustive-deps

webpack compiled with 1 warning
Compiling...
Compiled with warnings.

[eslint] 
src/components/Navbar.js
  Line 54:6:  React Hook useEffect has a missing dependency: 'navItems'. Either include it or remove the dependency array  react-hooks/exhaustive-deps

Search for the keywords to learn more about each warning.
To ignore, add // eslint-disable-next-line to the line before.

WARNING in [eslint] 
src/components/Navbar.js
  Line 54:6:  React Hook useEffect has a missing dependency: 'navItems'. Either include it or remove the dependency array  react-hooks/exhaustive-deps

webpack compiled with 1 warning
Compiling...
Compiled with warnings.

[eslint] 
src/components/Navbar.js
  Line 54:6:  React Hook useEffect has a missing dependency: 'navItems'. Either include it or remove the dependency array  react-hooks/exhaustive-deps

Search for the keywords to learn more about each warning.
To ignore, add // eslint-disable-next-line to the line before.

WARNING in [eslint] 
src/components/Navbar.js
  Line 54:6:  React Hook useEffect has a missing dependency: 'navItems'. Either include it or remove the dependency array  react-hooks/exhaustive-deps

webpack compiled with 1 warning
Compiling...
Compiled with warnings.

[eslint] 
src/components/Navbar.js
  Line 54:6:  React Hook useEffect has a missing dependency: 'navItems'. Either include it or remove the dependency array  react-hooks/exhaustive-deps

Search for the keywords to learn more about each warning.
To ignore, add // eslint-disable-next-line to the line before.

WARNING in [eslint] 
src/components/Navbar.js
  Line 54:6:  React Hook useEffect has a missing dependency: 'navItems'. Either include it or remove the dependency array  react-hooks/exhaustive-deps

webpack compiled with 1 warning
Compiling...
Compiled with warnings.

[eslint] 
src/components/Navbar.js
  Line 54:6:  React Hook useEffect has a missing dependency: 'navItems'. Either include it or remove the dependency array  react-hooks/exhaustive-deps

Search for the keywords to learn more about each warning.
To ignore, add // eslint-disable-next-line to the line before.

WARNING in [eslint] 
src/components/Navbar.js
  Line 54:6:  React Hook useEffect has a missing dependency: 'navItems'. Either include it or remove the dependency array  react-hooks/exhaustive-deps

webpack compiled with 1 warning
Compiling...
Compiled with warnings.

[eslint] 
src/components/Navbar.js
  Line 54:6:  React Hook useEffect has a missing dependency: 'navItems'. Either include it or remove the dependency array  react-hooks/exhaustive-deps

Search for the keywords to learn more about each warning.
To ignore, add // eslint-disable-next-line to the line before.

WARNING in [eslint] 
src/components/Navbar.js
  Line 54:6:  React Hook useEffect has a missing dependency: 'navItems'. Either include it or remove the dependency array  react-hooks/exhaustive-deps

webpack compiled with 1 warning
Compiling...
Compiled with warnings.

[eslint] 
src/components/Navbar.js
  Line 54:6:  React Hook useEffect has a missing dependency: 'navItems'. Either include it or remove the dependency array  react-hooks/exhaustive-deps

Search for the keywords to learn more about each warning.
To ignore, add // eslint-disable-next-line to the line before.

WARNING in [eslint] 
src/components/Navbar.js
  Line 54:6:  React Hook useEffect has a missing dependency: 'navItems'. Either include it or remove the dependency array  react-hooks/exhaustive-deps

webpack compiled with 1 warning
Compiling...
Compiled with warnings.

[eslint] 
src/components/Navbar.js
  Line 54:6:  React Hook useEffect has a missing dependency: 'navItems'. Either include it or remove the dependency array  react-hooks/exhaustive-deps

Search for the keywords to learn more about each warning.
To ignore, add // eslint-disable-next-line to the line before.

WARNING in [eslint] 
src/components/Navbar.js
  Line 54:6:  React Hook useEffect has a missing dependency: 'navItems'. Either include it or remove the dependency array  react-hooks/exhaustive-deps

webpack compiled with 1 warning
Compiling...
Compiled with warnings.

[eslint] 
src/components/Navbar.js
  Line 54:6:  React Hook useEffect has a missing dependency: 'navItems'. Either include it or remove the dependency array  react-hooks/exhaustive-deps

Search for the keywords to learn more about each warning.
To ignore, add // eslint-disable-next-line to the line before.

WARNING in [eslint] 
src/components/Navbar.js
  Line 54:6:  React Hook useEffect has a missing dependency: 'navItems'. Either include it or remove the dependency array  react-hooks/exhaustive-deps

webpack compiled with 1 warning
Compiling...
Compiled with warnings.

[eslint] 
src/components/Navbar.js
  Line 54:6:  React Hook useEffect has a missing dependency: 'navItems'. Either include it or remove the dependency array  react-hooks/exhaustive-deps

Search for the keywords to learn more about each warning.
To ignore, add // eslint-disable-next-line to the line before.

WARNING in [eslint] 
src/components/Navbar.js
  Line 54:6:  React Hook useEffect has a missing dependency: 'navItems'. Either include it or remove the dependency array  react-hooks/exhaustive-deps

webpack compiled with 1 warning
Compiling...
Compiled with warnings.

[eslint] 
src/components/Navbar.js
  Line 54:6:  React Hook useEffect has a missing dependency: 'navItems'. Either include it or remove the dependency array  react-hooks/exhaustive-deps

Search for the keywords to learn more about each warning.
To ignore, add // eslint-disable-next-line to the line before.

WARNING in [eslint] 
src/components/Navbar.js
  Line 54:6:  React Hook useEffect has a missing dependency: 'navItems'. Either include it or remove the dependency array  react-hooks/exhaustive-deps

webpack compiled with 1 warning
Compiling...
Compiled with warnings.

[eslint] 
src/components/Navbar.js
  Line 54:6:  React Hook useEffect has a missing dependency: 'navItems'. Either include it or remove the dependency array  react-hooks/exhaustive-deps

Search for the keywords to learn more about each warning.
To ignore, add // eslint-disable-next-line to the line before.

WARNING in [eslint] 
src/components/Navbar.js
  Line 54:6:  React Hook useEffect has a missing dependency: 'navItems'. Either include it or remove the dependency array  react-hooks/exhaustive-deps

webpack compiled with 1 warning
Compiling...
Compiled with warnings.

[eslint] 
src/components/Navbar.js
  Line 54:6:  React Hook useEffect has a missing dependency: 'navItems'. Either include it or remove the dependency array  react-hooks/exhaustive-deps

Search for the keywords to learn more about each warning.
To ignore, add // eslint-disable-next-line to the line before.

WARNING in [eslint] 
src/components/Navbar.js
  Line 54:6:  React Hook useEffect has a missing dependency: 'navItems'. Either include it or remove the dependency array  react-hooks/exhaustive-deps

webpack compiled with 1 warning
Compiling...
Compiled with warnings.

[eslint] 
src/components/Navbar.js
  Line 54:6:  React Hook useEffect has a missing dependency: 'navItems'. Either include it or remove the dependency array  react-hooks/exhaustive-deps

Search for the keywords to learn more about each warning.
To ignore, add // eslint-disable-next-line to the line before.

WARNING in [eslint] 
src/components/Navbar.js
  Line 54:6:  React Hook useEffect has a missing dependency: 'navItems'. Either include it or remove the dependency array  react-hooks/exhaustive-deps

webpack compiled with 1 warning
Compiling...
Compiled with warnings.

[eslint] 
src/components/Navbar.js
  Line 54:6:  React Hook useEffect has a missing dependency: 'navItems'. Either include it or remove the dependency array  react-hooks/exhaustive-deps

Search for the keywords to learn more about each warning.
To ignore, add // eslint-disable-next-line to the line before.

WARNING in [eslint] 
src/components/Navbar.js
  Line 54:6:  React Hook useEffect has a missing dependency: 'navItems'. Either include it or remove the dependency array  react-hooks/exhaustive-deps

webpack compiled with 1 warning
Compiling...
Compiled with warnings.

[eslint] 
src/components/Navbar.js
  Line 54:6:  React Hook useEffect has a missing dependency: 'navItems'. Either include it or remove the dependency array  react-hooks/exhaustive-deps

Search for the keywords to learn more about each warning.
To ignore, add // eslint-disable-next-line to the line before.

WARNING in [eslint] 
src/components/Navbar.js
  Line 54:6:  React Hook useEffect has a missing dependency: 'navItems'. Either include it or remove the dependency array  react-hooks/exhaustive-deps

webpack compiled with 1 warning
Compiling...
Compiled with warnings.

[eslint] 
src/components/Navbar.js
  Line 54:6:  React Hook useEffect has a missing dependency: 'navItems'. Either include it or remove the dependency array  react-hooks/exhaustive-deps

Search for the keywords to learn more about each warning.
To ignore, add // eslint-disable-next-line to the line before.

WARNING in [eslint] 
src/components/Navbar.js
  Line 54:6:  React Hook useEffect has a missing dependency: 'navItems'. Either include it or remove the dependency array  react-hooks/exhaustive-deps

webpack compiled with 1 warning
Compiling...
Compiled with warnings.

[eslint] 
src/components/Navbar.js
  Line 54:6:  React Hook useEffect has a missing dependency: 'navItems'. Either include it or remove the dependency array  react-hooks/exhaustive-deps

Search for the keywords to learn more about each warning.
To ignore, add // eslint-disable-next-line to the line before.

WARNING in [eslint] 
src/components/Navbar.js
  Line 54:6:  React Hook useEffect has a missing dependency: 'navItems'. Either include it or remove the dependency array  react-hooks/exhaustive-deps

webpack compiled with 1 warning
